{"name": "Проверяем увеличение каунтера ингредиента при его добавлении в заказ", "status": "failed", "statusDetails": {"message": "AssertionError: assert 0 < 0\n +  where 0 = int('0')", "trace": "self = <test_base_functional.TestBaseFunctional object at 0x00000202ED4FCF10>\ndriver = <selenium.webdriver.firefox.webdriver.WebDriver (session=\"09f96471-1b7a-44c4-a69a-352da6e3520b\")>\n\n    @allure.title('Проверяем увеличение каунтера ингредиента при его добавлении в заказ')\n    def test_increase_counter_ingredient(self, driver):\n        main_page = MainPage(driver)\n    \n        main_page.to_main_page()\n        ingredient = main_page.get_first_ingredient()\n        constructor_top = main_page.get_constructor_top_element()\n        main_page.drag_and_drop(ingredient, constructor_top)\n    \n        counter = main_page.get_first_ingredient_counter().text\n    \n>       assert 0 < int(counter)\nE       AssertionError: assert 0 < 0\nE        +  where 0 = int('0')\n\ntests\\test_base_functional.py:67: AssertionError"}, "steps": [{"name": "Получаем первый ингредиент", "status": "passed", "start": 1724610328200, "stop": 1724610328443}, {"name": "Получаем верхний элемент конструктора", "status": "passed", "start": 1724610328443, "stop": 1724610328594}, {"name": "Получаем каунтер первого ингредиента", "status": "passed", "start": 1724610329210, "stop": 1724610329242}], "parameters": [{"name": "driver", "value": "'firefox'"}], "start": 1724610326976, "stop": 1724610329262, "uuid": "5a5e5113-275f-48b5-bc85-2dc283922b64", "historyId": "975b99f657a14b329bbaa947e9fe3363", "testCaseId": "280d07fce087285fca2d2cd9311c0b12", "fullName": "tests.test_base_functional.TestBaseFunctional#test_increase_counter_ingredient", "labels": [{"name": "parentSuite", "value": "tests"}, {"name": "suite", "value": "test_base_functional"}, {"name": "subSuite", "value": "TestBaseFunctional"}, {"name": "host", "value": "LAPTOP-ILSU1PHQ"}, {"name": "thread", "value": "10656-MainThread"}, {"name": "framework", "value": "pytest"}, {"name": "language", "value": "cpython3"}, {"name": "package", "value": "tests.test_base_functional"}]}