{"name": "Проверяем увеличение каунтера ингредиента при его добавлении в заказ", "status": "failed", "statusDetails": {"message": "AssertionError: assert 0 < 0\n +  where 0 = int('0')", "trace": "self = <test_base_functional.TestBaseFunctional object at 0x000001AEEDDD1790>\ndriver = <selenium.webdriver.firefox.webdriver.WebDriver (session=\"851e6230-dd62-46d8-a95c-c8aaf9404aa9\")>\n\n    @allure.title('Проверяем увеличение каунтера ингредиента при его добавлении в заказ')\n    def test_increase_counter_ingredient(self, driver):\n        main_page = MainPage(driver)\n    \n        main_page.to_main_page()\n        ingredient = main_page.get_first_ingridient()\n        constructor_top = main_page.find_element(main_page.CONSTRUCTOR_ELEMENT_TOP)\n        main_page.drag_and_drop(ingredient, constructor_top)\n    \n        counter = main_page.find_element(main_page.INGRIDIENT_COUNTER).text\n    \n>       assert 0 < int(counter)\nE       AssertionError: assert 0 < 0\nE        +  where 0 = int('0')\n\ntests\\test_base_functional.py:67: AssertionError"}, "steps": [{"name": "Получаем первый ингридиент", "status": "passed", "start": 1724453364907, "stop": 1724453365191}], "parameters": [{"name": "driver", "value": "'firefox'"}], "start": 1724453364077, "stop": 1724453365864, "uuid": "a620b03b-f7c1-493f-bd5d-ac995dbd6d2c", "historyId": "975b99f657a14b329bbaa947e9fe3363", "testCaseId": "280d07fce087285fca2d2cd9311c0b12", "fullName": "tests.test_base_functional.TestBaseFunctional#test_increase_counter_ingredient", "labels": [{"name": "parentSuite", "value": "tests"}, {"name": "suite", "value": "test_base_functional"}, {"name": "subSuite", "value": "TestBaseFunctional"}, {"name": "host", "value": "LAPTOP-ILSU1PHQ"}, {"name": "thread", "value": "12104-MainThread"}, {"name": "framework", "value": "pytest"}, {"name": "language", "value": "cpython3"}, {"name": "package", "value": "tests.test_base_functional"}]}